# JRE version: OpenJDK Runtime Environment Temurin-21.0.3+9 (21.0.3+9) (build 21.0.3+9-LTS)
# Java VM: OpenJDK 64-Bit Server VM Temurin-21.0.3+9 (21.0.3+9-LTS, mixed mode, sharing, tiered, compressed oops, compressed class ptrs, g1 gc, windows-amd64)
GC Precious Log:
 CardTable entry size: 512
 Card Set container configuration: InlinePtr #cards 4 size 8 Array Of Cards #cards 16 size 48 Howl #buckets 8 coarsen threshold 3686 Howl Bitmap #cards 512 size 80 coarsen threshold 460 Card regions per heap region 1 cards per card region 4096
 CPUs: 4 total, 4 available
 Memory: 16242M
 Large Page Support: Disabled
 NUMA Support: Disabled
 Compressed Oops: Enabled (Zero based)
 Heap Region Size: 2M
 Heap Min Capacity: 8M
 Heap Initial Capacity: 254M
 Heap Max Capacity: 4062M
 Pre-touch: Disabled
 Parallel Workers: 4
 Concurrent Workers: 1
 Concurrent Refinement Workers: 4
 Periodic GC: Disabled
Heap:
 garbage-first heap   total 264192K, used 70083K [0x0000000702200000, 0x0000000800000000)
  region size 2048K, 10 young (20480K), 4 survivors (8192K)
 Metaspace       used 90904K, committed 91968K, reserved 1179648K
  class space    used 11785K, committed 12288K, reserved 1048576K
GC Heap History (20 events):
Event: 20.539 GC heap before
{Heap before GC invocations=17 (full 0):
 garbage-first heap   total 73728K, used 59335K [0x0000000702200000, 0x0000000800000000)
  region size 2048K, 15 young (30720K), 3 survivors (6144K)
 Metaspace       used 81625K, committed 82624K, reserved 1179648K
  class space    used 10990K, committed 11456K, reserved 1048576K
}
Event: 20.549 GC heap after
{Heap after GC invocations=18 (full 0):
 garbage-first heap   total 73728K, used 36392K [0x0000000702200000, 0x0000000800000000)
  region size 2048K, 1 young (2048K), 1 survivors (2048K)
 Metaspace       used 81625K, committed 82624K, reserved 1179648K
  class space    used 10990K, committed 11456K, reserved 1048576K
}
Event: 42.671 GC heap before
{Heap before GC invocations=19 (full 0):
 garbage-first heap   total 73728K, used 63016K [0x0000000702200000, 0x0000000800000000)
  region size 2048K, 15 young (30720K), 1 survivors (2048K)
 Metaspace       used 86972K, committed 88000K, reserved 1179648K
  class space    used 11703K, committed 12160K, reserved 1048576K
}
Event: 42.681 GC heap after
{Heap after GC invocations=20 (full 0):
 garbage-first heap   total 73728K, used 37563K [0x0000000702200000, 0x0000000800000000)
  region size 2048K, 2 young (4096K), 2 survivors (4096K)
 Metaspace       used 86972K, committed 88000K, reserved 1179648K
  class space    used 11703K, committed 12160K, reserved 1048576K
}
Event: 92.197 GC heap before
{Heap before GC invocations=20 (full 0):
 garbage-first heap   total 73728K, used 62139K [0x0000000702200000, 0x0000000800000000)
  region size 2048K, 14 young (28672K), 2 survivors (4096K)
 Metaspace       used 88061K, committed 89088K, reserved 1179648K
  class space    used 11762K, committed 12224K, reserved 1048576K
}
Event: 92.218 GC heap after
{Heap after GC invocations=21 (full 0):
 garbage-first heap   total 75776K, used 44090K [0x0000000702200000, 0x0000000800000000)
  region size 2048K, 2 young (4096K), 2 survivors (4096K)
 Metaspace       used 88061K, committed 89088K, reserved 1179648K
  class space    used 11762K, committed 12224K, reserved 1048576K
}
Event: 92.258 GC heap before
{Heap before GC invocations=21 (full 0):
 garbage-first heap   total 75776K, used 62522K [0x0000000702200000, 0x0000000800000000)
  region size 2048K, 12 young (24576K), 2 survivors (4096K)
 Metaspace       used 88079K, committed 89088K, reserved 1179648K
  class space    used 11762K, committed 12224K, reserved 1048576K
}
Event: 92.268 GC heap after
{Heap after GC invocations=22 (full 0):
 garbage-first heap   total 75776K, used 47232K [0x0000000702200000, 0x0000000800000000)
  region size 2048K, 2 young (4096K), 2 survivors (4096K)
 Metaspace       used 88079K, committed 89088K, reserved 1179648K
  class space    used 11762K, committed 12224K, reserved 1048576K
}
Event: 92.323 GC heap before
{Heap before GC invocations=22 (full 0):
 garbage-first heap   total 75776K, used 61568K [0x0000000702200000, 0x0000000800000000)
  region size 2048K, 10 young (20480K), 2 survivors (4096K)
 Metaspace       used 88079K, committed 89088K, reserved 1179648K
  class space    used 11762K, committed 12224K, reserved 1048576K
}
Event: 92.325 GC heap after
{Heap after GC invocations=23 (full 0):
 garbage-first heap   total 75776K, used 49455K [0x0000000702200000, 0x0000000800000000)
  region size 2048K, 2 young (4096K), 2 survivors (4096K)
 Metaspace       used 88079K, committed 89088K, reserved 1179648K
  class space    used 11762K, committed 12224K, reserved 1048576K
}
Event: 92.345 GC heap before
{Heap before GC invocations=23 (full 0):
 garbage-first heap   total 75776K, used 63791K [0x0000000702200000, 0x0000000800000000)
  region size 2048K, 9 young (18432K), 2 survivors (4096K)
 Metaspace       used 88079K, committed 89088K, reserved 1179648K
  class space    used 11762K, committed 12224K, reserved 1048576K
}
Event: 92.348 GC heap after
{Heap after GC invocations=24 (full 0):
 garbage-first heap   total 75776K, used 51271K [0x0000000702200000, 0x0000000800000000)
  region size 2048K, 1 young (2048K), 1 survivors (2048K)
 Metaspace       used 88079K, committed 89088K, reserved 1179648K
  class space    used 11762K, committed 12224K, reserved 1048576K
}
Event: 92.403 GC heap before
{Heap before GC invocations=24 (full 0):
 garbage-first heap   total 75776K, used 63559K [0x0000000702200000, 0x0000000800000000)
  region size 2048K, 8 young (16384K), 1 survivors (2048K)
 Metaspace       used 88079K, committed 89088K, reserved 1179648K
  class space    used 11762K, committed 12224K, reserved 1048576K
}
Event: 92.405 GC heap after
{Heap after GC invocations=25 (full 0):
 garbage-first heap   total 75776K, used 53356K [0x0000000702200000, 0x0000000800000000)
  region size 2048K, 1 young (2048K), 1 survivors (2048K)
 Metaspace       used 88079K, committed 89088K, reserved 1179648K
  class space    used 11762K, committed 12224K, reserved 1048576K
}
Event: 92.453 GC heap before
{Heap before GC invocations=25 (full 0):
 garbage-first heap   total 102400K, used 65644K [0x0000000702200000, 0x0000000800000000)
  region size 2048K, 7 young (14336K), 1 survivors (2048K)
 Metaspace       used 88092K, committed 89088K, reserved 1179648K
  class space    used 11763K, committed 12224K, reserved 1048576K
}
Event: 92.457 GC heap after
{Heap after GC invocations=26 (full 0):
 garbage-first heap   total 264192K, used 55165K [0x0000000702200000, 0x0000000800000000)
  region size 2048K, 1 young (2048K), 1 survivors (2048K)
 Metaspace       used 88092K, committed 89088K, reserved 1179648K
  class space    used 11763K, committed 12224K, reserved 1048576K
}
Event: 178.296 GC heap before
{Heap before GC invocations=27 (full 0):
 garbage-first heap   total 264192K, used 208765K [0x0000000702200000, 0x0000000800000000)
  region size 2048K, 77 young (157696K), 1 survivors (2048K)
 Metaspace       used 90047K, committed 91072K, reserved 1179648K
  class space    used 11780K, committed 12288K, reserved 1048576K
}
Event: 178.304 GC heap after
{Heap after GC invocations=28 (full 0):
 garbage-first heap   total 264192K, used 59392K [0x0000000702200000, 0x0000000800000000)
  region size 2048K, 3 young (6144K), 3 survivors (6144K)
 Metaspace       used 90047K, committed 91072K, reserved 1179648K
  class space    used 11780K, committed 12288K, reserved 1048576K
}
Event: 277.898 GC heap before
{Heap before GC invocations=28 (full 0):
 garbage-first heap   total 264192K, used 210944K [0x0000000702200000, 0x0000000800000000)
  region size 2048K, 77 young (157696K), 3 survivors (6144K)
 Metaspace       used 90898K, committed 91968K, reserved 1179648K
  class space    used 11781K, committed 12288K, reserved 1048576K
}
Event: 277.910 GC heap after
{Heap after GC invocations=29 (full 0):
 garbage-first heap   total 264192K, used 59843K [0x0000000702200000, 0x0000000800000000)
  region size 2048K, 4 young (8192K), 4 survivors (8192K)
 Metaspace       used 90898K, committed 91968K, reserved 1179648K
  class space    used 11781K, committed 12288K, reserved 1048576K
}

